<?xml version="1.0" encoding="UTF-8"?>
<testsuite name="com.pragma.user.domain.usecase.UserUseCaseTest" tests="6" skipped="0" failures="0" errors="0" timestamp="2025-08-12T11:23:12" hostname="JEIMMY-AGUILAR.local" time="0.634">
  <properties/>
  <testcase name="shouldGetUserById()" classname="com.pragma.user.domain.usecase.UserUseCaseTest" time="0.622"/>
  <testcase name="shouldThrowExceptionWhenDocumentIsInvalid()" classname="com.pragma.user.domain.usecase.UserUseCaseTest" time="0.002"/>
  <testcase name="shouldGetAllUsers()" classname="com.pragma.user.domain.usecase.UserUseCaseTest" time="0.001"/>
  <testcase name="shouldThrowExceptionWhenEmailIsInvalid()" classname="com.pragma.user.domain.usecase.UserUseCaseTest" time="0.001"/>
  <testcase name="shouldsaveOwnerSuccessfully()" classname="com.pragma.user.domain.usecase.UserUseCaseTest" time="0.002"/>
  <testcase name="shouldThrowExceptionWhenUserIsMinor()" classname="com.pragma.user.domain.usecase.UserUseCaseTest" time="0.002"/>
  <system-out><![CDATA[]]></system-out>
  <system-err><![CDATA[]]></system-err>
</testsuite>
